<?xml version="1.0" encoding="UTF-8"?>
<testng-results ignored="0" total="1" passed="1" failed="0" skipped="0">
  <reporter-output>
  </reporter-output>
  <suite started-at="2026-05-25T17:21:47 IST" name="Default suite" finished-at="2026-05-25T17:21:50 IST" duration-ms="3004">
    <groups>
    </groups>
    <test started-at="2026-05-25T17:21:47 IST" name="Default test" finished-at="2026-05-25T17:21:50 IST" duration-ms="3004">
      <class name="com.api.Rest_Api_Project.AddUserTest">
        <test-method signature="addUser()[pri:0, instance:com.api.Rest_Api_Project.AddUserTest@4550bb58]" started-at="2026-05-25T17:21:47 IST" name="addUser" finished-at="2026-05-25T17:21:50 IST" duration-ms="2958" status="PASS">
          <reporter-output>
          </reporter-output>
        </test-method> <!-- addUser -->
      </class> <!-- com.api.Rest_Api_Project.AddUserTest -->
    </test> <!-- Default test -->
  </suite> <!-- Default suite -->
</testng-results>
