<?xml version="1.0" encoding="UTF-8"?>
<testng-results ignored="0" total="11" passed="11" failed="0" skipped="0">
  <reporter-output>
  </reporter-output>
  <suite started-at="2026-05-28T13:26:42 IST" name="Default suite" finished-at="2026-05-28T13:26:52 IST" duration-ms="10219">
    <groups>
    </groups>
    <test started-at="2026-05-28T13:26:42 IST" name="Default test" finished-at="2026-05-28T13:26:52 IST" duration-ms="10219">
      <class name="com.api.Rest_Api_Project.SearchUsers">
        <test-method signature="searchUser()[pri:0, instance:com.api.Rest_Api_Project.SearchUsers@2a7f1f10]" started-at="2026-05-28T13:26:42 IST" name="searchUser" finished-at="2026-05-28T13:26:45 IST" duration-ms="3175" status="PASS">
          <reporter-output>
          </reporter-output>
        </test-method> <!-- searchUser -->
      </class> <!-- com.api.Rest_Api_Project.SearchUsers -->
      <class name="com.api.Rest_Api_Project.UserCartTest">
        <test-method signature="getUserCart()[pri:0, instance:com.api.Rest_Api_Project.UserCartTest@1ed4ae0f]" started-at="2026-05-28T13:26:45 IST" name="getUserCart" finished-at="2026-05-28T13:26:46 IST" duration-ms="643" status="PASS">
          <reporter-output>
          </reporter-output>
        </test-method> <!-- getUserCart -->
      </class> <!-- com.api.Rest_Api_Project.UserCartTest -->
      <class name="com.api.Rest_Api_Project.LoginTest">
        <test-method signature="loginUser()[pri:0, instance:com.api.Rest_Api_Project.LoginTest@2a265ea9]" started-at="2026-05-28T13:26:47 IST" name="loginUser" finished-at="2026-05-28T13:26:48 IST" duration-ms="1604" status="PASS">
          <reporter-output>
          </reporter-output>
        </test-method> <!-- loginUser -->
      </class> <!-- com.api.Rest_Api_Project.LoginTest -->
      <class name="com.api.Rest_Api_Project.AddUserTest">
        <test-method signature="addUser()[pri:0, instance:com.api.Rest_Api_Project.AddUserTest@6d4d66d2]" started-at="2026-05-28T13:26:46 IST" name="addUser" finished-at="2026-05-28T13:26:47 IST" duration-ms="606" status="PASS">
          <reporter-output>
          </reporter-output>
        </test-method> <!-- addUser -->
      </class> <!-- com.api.Rest_Api_Project.AddUserTest -->
      <class name="com.api.Rest_Api_Project.GetAllUsers">
        <test-method signature="getUsers()[pri:0, instance:com.api.Rest_Api_Project.GetAllUsers@54c5a2ff]" started-at="2026-05-28T13:26:46 IST" name="getUsers" finished-at="2026-05-28T13:26:46 IST" duration-ms="494" status="PASS">
          <reporter-output>
          </reporter-output>
        </test-method> <!-- getUsers -->
      </class> <!-- com.api.Rest_Api_Project.GetAllUsers -->
      <class name="com.api.Rest_Api_Project.FilterUsers">
        <test-method signature="filterUser()[pri:0, instance:com.api.Rest_Api_Project.FilterUsers@6892b3b6]" started-at="2026-05-28T13:26:49 IST" name="filterUser" finished-at="2026-05-28T13:26:50 IST" duration-ms="679" status="PASS">
          <reporter-output>
          </reporter-output>
        </test-method> <!-- filterUser -->
      </class> <!-- com.api.Rest_Api_Project.FilterUsers -->
      <class name="com.api.Rest_Api_Project.GetUsersFirst">
        <test-method signature="getUsers()[pri:0, instance:com.api.Rest_Api_Project.GetUsersFirst@11392934]" started-at="2026-05-28T13:26:48 IST" name="getUsers" finished-at="2026-05-28T13:26:49 IST" duration-ms="538" status="PASS">
          <reporter-output>
          </reporter-output>
        </test-method> <!-- getUsers -->
      </class> <!-- com.api.Rest_Api_Project.GetUsersFirst -->
      <class name="com.api.Rest_Api_Project.UserPostsTest">
        <test-method signature="getUserPosts()[pri:0, instance:com.api.Rest_Api_Project.UserPostsTest@6e6f2380]" started-at="2026-05-28T13:26:50 IST" name="getUserPosts" finished-at="2026-05-28T13:26:50 IST" duration-ms="553" status="PASS">
          <reporter-output>
          </reporter-output>
        </test-method> <!-- getUserPosts -->
      </class> <!-- com.api.Rest_Api_Project.UserPostsTest -->
      <class name="com.api.Rest_Api_Project.DeleteUserTest">
        <test-method signature="deleteUser()[pri:0, instance:com.api.Rest_Api_Project.DeleteUserTest@76a4ebf2]" started-at="2026-05-28T13:26:50 IST" name="deleteUser" finished-at="2026-05-28T13:26:51 IST" duration-ms="576" status="PASS">
          <reporter-output>
          </reporter-output>
        </test-method> <!-- deleteUser -->
      </class> <!-- com.api.Rest_Api_Project.DeleteUserTest -->
      <class name="com.api.Rest_Api_Project.LimitSkipUsers">
        <test-method signature="limitSkipUsers()[pri:0, instance:com.api.Rest_Api_Project.LimitSkipUsers@2e8c1c9b]" started-at="2026-05-28T13:26:51 IST" name="limitSkipUsers" finished-at="2026-05-28T13:26:51 IST" duration-ms="607" status="PASS">
          <reporter-output>
          </reporter-output>
        </test-method> <!-- limitSkipUsers -->
      </class> <!-- com.api.Rest_Api_Project.LimitSkipUsers -->
      <class name="com.api.Rest_Api_Project.UpdateUser">
        <test-method signature="updateUser()[pri:0, instance:com.api.Rest_Api_Project.UpdateUser@53fe15ff]" started-at="2026-05-28T13:26:51 IST" name="updateUser" finished-at="2026-05-28T13:26:52 IST" duration-ms="631" status="PASS">
          <reporter-output>
          </reporter-output>
        </test-method> <!-- updateUser -->
      </class> <!-- com.api.Rest_Api_Project.UpdateUser -->
    </test> <!-- Default test -->
  </suite> <!-- Default suite -->
</testng-results>
