<?xml version="1.0" encoding="UTF-8"?>
<testng-results ignored="0" total="2" passed="2" failed="0" skipped="0">
  <reporter-output>
  </reporter-output>
  <suite started-at="2026-05-23T17:58:25 IST" name="testingng1" finished-at="2026-05-23T17:58:49 IST" duration-ms="24614">
    <groups>
    </groups>
    <test started-at="2026-05-23T17:58:25 IST" name="EdgeTest" finished-at="2026-05-23T17:58:49 IST" duration-ms="24614">
      <class name="day_27.GridTest">
        <test-method signature="gridTesting(java.lang.String)[pri:0, instance:day_27.GridTest@68e965f5]" started-at="2026-05-23T17:58:25 IST" name="gridTesting" finished-at="2026-05-23T17:58:49 IST" duration-ms="24570" status="PASS">
          <params>
            <param index="0">
              <value>
                <![CDATA[edge]]>
              </value>
            </param>
          </params>
          <reporter-output>
          </reporter-output>
        </test-method> <!-- gridTesting -->
      </class> <!-- day_27.GridTest -->
    </test> <!-- EdgeTest -->
    <test started-at="2026-05-23T17:58:25 IST" name="ChromeTest" finished-at="2026-05-23T17:58:49 IST" duration-ms="24593">
      <class name="day_27.GridTest">
        <test-method signature="gridTesting(java.lang.String)[pri:0, instance:day_27.GridTest@6aaceffd]" started-at="2026-05-23T17:58:25 IST" name="gridTesting" finished-at="2026-05-23T17:58:49 IST" duration-ms="24542" status="PASS">
          <params>
            <param index="0">
              <value>
                <![CDATA[chrome]]>
              </value>
            </param>
          </params>
          <reporter-output>
          </reporter-output>
        </test-method> <!-- gridTesting -->
      </class> <!-- day_27.GridTest -->
    </test> <!-- ChromeTest -->
  </suite> <!-- testingng1 -->
</testng-results>
