<?xml version="1.0" encoding="UTF-8"?>
<!-- Generated by org.testng.reporters.JUnitReportReporter -->
<testsuite hostname="Narendra_laptop" failures="0" tests="7" name="runners.TestRunner" time="134.528" errors="0" timestamp="2026-06-01T14:31:33 IST" skipped="0">
  <testcase classname="runners.TestRunner" name="runScenario" time="17.768"/>
  <testcase classname="runners.TestRunner" name="runScenario" time="14.719"/>
  <testcase classname="runners.TestRunner" name="runScenario" time="14.175"/>
  <testcase classname="runners.TestRunner" name="runScenario" time="24.833"/>
  <testcase classname="runners.TestRunner" name="runScenario" time="17.697"/>
  <testcase classname="runners.TestRunner" name="runScenario" time="24.041"/>
  <testcase classname="runners.TestRunner" name="runScenario" time="21.295"/>
</testsuite> <!-- runners.TestRunner -->
