<?xml version="1.0" encoding="UTF-8"?>
<!-- Generated by org.testng.reporters.JUnitXMLReporter -->
<testsuite ignored="0" hostname="Narendra_laptop" failures="0" tests="11" name="Default test" time="10.219" errors="0" timestamp="2026-05-28T13:26:52 IST">
  <testcase classname="com.api.Rest_Api_Project.SearchUsers" name="searchUser" time="3.175"/>
  <testcase classname="com.api.Rest_Api_Project.UserCartTest" name="getUserCart" time="0.643"/>
  <testcase classname="com.api.Rest_Api_Project.GetAllUsers" name="getUsers" time="0.494"/>
  <testcase classname="com.api.Rest_Api_Project.AddUserTest" name="addUser" time="0.606"/>
  <testcase classname="com.api.Rest_Api_Project.LoginTest" name="loginUser" time="1.604"/>
  <testcase classname="com.api.Rest_Api_Project.GetUsersFirst" name="getUsers" time="0.538"/>
  <testcase classname="com.api.Rest_Api_Project.FilterUsers" name="filterUser" time="0.679"/>
  <testcase classname="com.api.Rest_Api_Project.UserPostsTest" name="getUserPosts" time="0.553"/>
  <testcase classname="com.api.Rest_Api_Project.DeleteUserTest" name="deleteUser" time="0.576"/>
  <testcase classname="com.api.Rest_Api_Project.LimitSkipUsers" name="limitSkipUsers" time="0.607"/>
  <testcase classname="com.api.Rest_Api_Project.UpdateUser" name="updateUser" time="0.631"/>
</testsuite> <!-- Default test -->
