<?xml version="1.0" encoding="UTF-8"?>
<testng-results ignored="0" total="7" passed="7" failed="0" skipped="0">
  <reporter-output>
  </reporter-output>
  <suite started-at="2026-06-01T14:31:07 IST" name="Default suite" finished-at="2026-06-01T14:31:33 IST" duration-ms="25622">
    <groups>
      <group name="cucumber">
        <method signature="AbstractTestNGCucumberTests.runScenario(io.cucumber.testng.PickleWrapper,io.cucumber.testng.FeatureWrapper)[pri:0, instance:runners.TestRunner@7530ad9c]" name="runScenario" class="io.cucumber.testng.AbstractTestNGCucumberTests"/>
      </group> <!-- cucumber -->
    </groups>
    <test started-at="2026-06-01T14:31:07 IST" name="Default test" finished-at="2026-06-01T14:31:33 IST" duration-ms="25622">
      <class name="runners.TestRunner">
        <test-method is-config="true" signature="setUpClass(org.testng.ITestContext)[pri:0, instance:runners.TestRunner@7530ad9c]" started-at="2026-06-01T14:31:07 IST" name="setUpClass" finished-at="2026-06-01T14:31:08 IST" duration-ms="686" status="PASS">
          <params>
            <param index="0">
              <value>
                <![CDATA[org.testng.TestRunner@6865c751]]>
              </value>
            </param>
          </params>
          <reporter-output>
          </reporter-output>
        </test-method> <!-- setUpClass -->
        <test-method signature="runScenario(io.cucumber.testng.PickleWrapper,io.cucumber.testng.FeatureWrapper)[pri:0, instance:runners.TestRunner@7530ad9c]" started-at="2026-06-01T14:31:08 IST" name="runScenario" description="Runs Cucumber Scenarios" data-provider="scenarios" finished-at="2026-06-01T14:31:23 IST" duration-ms="14719" status="PASS">
          <params>
            <param index="0">
              <value>
                <![CDATA["Complete Booking"]]>
              </value>
            </param>
            <param index="1">
              <value>
                <![CDATA["Booking"]]>
              </value>
            </param>
          </params>
          <reporter-output>
          </reporter-output>
        </test-method> <!-- runScenario -->
        <test-method signature="runScenario(io.cucumber.testng.PickleWrapper,io.cucumber.testng.FeatureWrapper)[pri:0, instance:runners.TestRunner@7530ad9c]" started-at="2026-06-01T14:31:08 IST" name="runScenario" description="Runs Cucumber Scenarios" data-provider="scenarios" finished-at="2026-06-01T14:31:22 IST" duration-ms="14175" status="PASS">
          <params>
            <param index="0">
              <value>
                <![CDATA["Search Available Hotels"]]>
              </value>
            </param>
            <param index="1">
              <value>
                <![CDATA["Hotel Search"]]>
              </value>
            </param>
          </params>
          <reporter-output>
          </reporter-output>
        </test-method> <!-- runScenario -->
        <test-method signature="runScenario(io.cucumber.testng.PickleWrapper,io.cucumber.testng.FeatureWrapper)[pri:0, instance:runners.TestRunner@7530ad9c]" started-at="2026-06-01T14:31:08 IST" name="runScenario" description="Runs Cucumber Scenarios" data-provider="scenarios" finished-at="2026-06-01T14:31:33 IST" duration-ms="24833" status="PASS">
          <params>
            <param index="0">
              <value>
                <![CDATA["Validate Login Functionality"]]>
              </value>
            </param>
            <param index="1">
              <value>
                <![CDATA["PHPTravels Login Module"]]>
              </value>
            </param>
          </params>
          <reporter-output>
          </reporter-output>
        </test-method> <!-- runScenario -->
        <test-method signature="runScenario(io.cucumber.testng.PickleWrapper,io.cucumber.testng.FeatureWrapper)[pri:0, instance:runners.TestRunner@7530ad9c]" started-at="2026-06-01T14:31:08 IST" name="runScenario" description="Runs Cucumber Scenarios" data-provider="scenarios" finished-at="2026-06-01T14:31:26 IST" duration-ms="17697" status="PASS">
          <params>
            <param index="0">
              <value>
                <![CDATA["Validate Login Functionality"]]>
              </value>
            </param>
            <param index="1">
              <value>
                <![CDATA["PHPTravels Login Module"]]>
              </value>
            </param>
          </params>
          <reporter-output>
          </reporter-output>
        </test-method> <!-- runScenario -->
        <test-method signature="runScenario(io.cucumber.testng.PickleWrapper,io.cucumber.testng.FeatureWrapper)[pri:0, instance:runners.TestRunner@7530ad9c]" started-at="2026-06-01T14:31:08 IST" name="runScenario" description="Runs Cucumber Scenarios" data-provider="scenarios" finished-at="2026-06-01T14:31:32 IST" duration-ms="24041" status="PASS">
          <params>
            <param index="0">
              <value>
                <![CDATA["Validate Login Functionality"]]>
              </value>
            </param>
            <param index="1">
              <value>
                <![CDATA["PHPTravels Login Module"]]>
              </value>
            </param>
          </params>
          <reporter-output>
          </reporter-output>
        </test-method> <!-- runScenario -->
        <test-method signature="runScenario(io.cucumber.testng.PickleWrapper,io.cucumber.testng.FeatureWrapper)[pri:0, instance:runners.TestRunner@7530ad9c]" started-at="2026-06-01T14:31:08 IST" name="runScenario" description="Runs Cucumber Scenarios" data-provider="scenarios" finished-at="2026-06-01T14:31:29 IST" duration-ms="21295" status="PASS">
          <params>
            <param index="0">
              <value>
                <![CDATA["Validate Login Functionality"]]>
              </value>
            </param>
            <param index="1">
              <value>
                <![CDATA["PHPTravels Login Module"]]>
              </value>
            </param>
          </params>
          <reporter-output>
          </reporter-output>
        </test-method> <!-- runScenario -->
        <test-method signature="runScenario(io.cucumber.testng.PickleWrapper,io.cucumber.testng.FeatureWrapper)[pri:0, instance:runners.TestRunner@7530ad9c]" started-at="2026-06-01T14:31:08 IST" name="runScenario" description="Runs Cucumber Scenarios" data-provider="scenarios" finished-at="2026-06-01T14:31:26 IST" duration-ms="17768" status="PASS">
          <params>
            <param index="0">
              <value>
                <![CDATA["Successful Registration"]]>
              </value>
            </param>
            <param index="1">
              <value>
                <![CDATA["User Registration"]]>
              </value>
            </param>
          </params>
          <reporter-output>
          </reporter-output>
        </test-method> <!-- runScenario -->
        <test-method is-config="true" signature="tearDownClass()[pri:0, instance:runners.TestRunner@7530ad9c]" started-at="2026-06-01T14:31:33 IST" name="tearDownClass" finished-at="2026-06-01T14:31:33 IST" duration-ms="45" status="PASS">
          <reporter-output>
          </reporter-output>
        </test-method> <!-- tearDownClass -->
      </class> <!-- runners.TestRunner -->
    </test> <!-- Default test -->
  </suite> <!-- Default suite -->
</testng-results>
