<?xml version="1.0" encoding="UTF-8"?>
<!-- Generated by org.testng.reporters.JUnitReportReporter -->
<testsuite hostname="Narendra_laptop" failures="0" tests="4" name="assignement_day_22.Ecommerce_Assignment" time="25.610" errors="0" timestamp="2026-05-20T10:00:15 IST" skipped="0">
  <testcase classname="assignement_day_22.Ecommerce_Assignment" name="loginTest" time="7.436"/>
  <testcase classname="assignement_day_22.Ecommerce_Assignment" name="searchAndFilterTest" time="3.240"/>
  <testcase classname="assignement_day_22.Ecommerce_Assignment" name="addProductToCart" time="5.321"/>
  <testcase classname="assignement_day_22.Ecommerce_Assignment" name="checkoutProcess" time="9.613"/>
</testsuite> <!-- assignement_day_22.Ecommerce_Assignment -->
