<?xml version="1.0" encoding="UTF-8"?>
<!-- Generated by org.testng.reporters.JUnitReportReporter -->
<testsuite hostname="Narendra_laptop" failures="0" tests="2" name="TestNg.OrangeHRMAutomation_TestNg" time="24.621" errors="0" timestamp="2026-05-19T17:27:55 IST" skipped="0">
  <testcase classname="TestNg.OrangeHRMAutomation_TestNg" name="loginTest" time="5.819"/>
  <testcase classname="TestNg.OrangeHRMAutomation_TestNg" name="addEmployeeTest" time="18.802"/>
</testsuite> <!-- TestNg.OrangeHRMAutomation_TestNg -->
