<?xml version="1.0" encoding="UTF-8"?>
<!-- Generated by org.testng.reporters.JUnitReportReporter -->
<testsuite hostname="Narendra_laptop" failures="0" tests="5" name="TestNg.Multiple_TestCases" time="25.239" errors="0" timestamp="2026-05-19T15:29:07 IST" skipped="0">
  <testcase classname="TestNg.Multiple_TestCases" name="verifyLoginPageTitle" time="0.028"/>
  <testcase classname="TestNg.Multiple_TestCases" name="loginTest" time="7.357"/>
  <testcase classname="TestNg.Multiple_TestCases" name="addProductToCart" time="2.093"/>
  <testcase classname="TestNg.Multiple_TestCases" name="openCart" time="2.092"/>
  <testcase classname="TestNg.Multiple_TestCases" name="checkoutProcess" time="13.669"/>
</testsuite> <!-- TestNg.Multiple_TestCases -->
