<?xml version="1.0" encoding="UTF-8"?>
<!-- Generated by org.testng.reporters.JUnitReportReporter -->
<testsuite hostname="Narendra_laptop" failures="0" tests="3" name="TestNg.Parabank_Login_TestNg" time="33.298" errors="0" timestamp="2026-05-19T17:25:44 IST" skipped="0">
  <testcase classname="TestNg.Parabank_Login_TestNg" name="loginTest" time="11.030"/>
  <testcase classname="TestNg.Parabank_Login_TestNg" name="openNewAccountTest" time="13.718"/>
  <testcase classname="TestNg.Parabank_Login_TestNg" name="transferFundsTest" time="8.550"/>
</testsuite> <!-- TestNg.Parabank_Login_TestNg -->
