<?xml version="1.0" encoding="UTF-8"?>
<!-- Generated by org.testng.reporters.JUnitReportReporter -->
<testsuite hostname="Narendra_laptop" failures="0" tests="2" name="TestNg.OrangeHRMAutomation_TestNg" time="25.599" errors="0" timestamp="2026-05-22T10:45:01 IST" skipped="0">
  <testcase classname="TestNg.OrangeHRMAutomation_TestNg" name="loginTest" time="5.835"/>
  <testcase classname="TestNg.OrangeHRMAutomation_TestNg" name="addEmployeeTest" time="19.764"/>
</testsuite> <!-- TestNg.OrangeHRMAutomation_TestNg -->
