<?xml version="1.0" encoding="UTF-8"?>
<!-- Generated by org.testng.reporters.JUnitReportReporter -->
<testsuite hostname="Narendra_laptop" failures="0" tests="4" name="assignment_day_25.Smoke_Regression_Test" time="0.023" errors="0" timestamp="2026-05-21T17:31:14 IST" skipped="0">
  <testcase classname="assignment_day_25.Smoke_Regression_Test" name="homePageTest" time="0.017"/>
  <testcase classname="assignment_day_25.Smoke_Regression_Test" name="loginTest" time="0.003"/>
  <testcase classname="assignment_day_25.Smoke_Regression_Test" name="paymentTest" time="0.002"/>
  <testcase classname="assignment_day_25.Smoke_Regression_Test" name="profileUpdateTest" time="0.001"/>
</testsuite> <!-- assignment_day_25.Smoke_Regression_Test -->
