<?xml version="1.0" encoding="UTF-8"?>
<!-- Generated by org.testng.reporters.JUnitReportReporter -->
<testsuite hostname="Narendra_laptop" failures="0" tests="3" name="TestNg.Flight_Booking_TestNG" time="17.315" errors="0" timestamp="2026-05-19T17:30:17 IST" skipped="0">
  <testcase classname="TestNg.Flight_Booking_TestNG" name="searchFlightTest" time="5.875"/>
  <testcase classname="TestNg.Flight_Booking_TestNG" name="chooseFlightTest" time="3.090"/>
  <testcase classname="TestNg.Flight_Booking_TestNG" name="bookingTest" time="8.350"/>
</testsuite> <!-- TestNg.Flight_Booking_TestNG -->
